2022-01-01 14:30:22 +0000 [info]: reading config file path="/fluentd/etc/fluentd.conf"
2022-01-01 14:30:22 +0000 [info]: starting fluentd-0.12.16
2022-01-01 14:30:22 +0000 [info]: gem 'fluentd' version '0.12.16'
2022-01-01 14:30:22 +0000 [info]: adding match pattern="debug.*" type="stdout"
2022-01-01 14:30:22 +0000 [info]: adding source type="forward"
2022-01-01 14:30:22 +0000 [info]: adding source type="http"
2022-01-01 14:30:22 +0000 [info]: adding source type="monitor_agent"
2022-01-01 14:30:22 +0000 [info]: adding source type="debug_agent"
2022-01-01 14:30:22 +0000 [info]: using configuration file: <ROOT>
  <source>
    type forward
    port 24224
  </source>
  <source>
    type http
    port 9880
  </source>
  <source>
    type monitor_agent
    port 24220
  </source>
  <source>
    type debug_agent
    port 24230
  </source>
  <match debug.*>
    type stdout
  </match>
</ROOT>
2022-01-01 14:30:22 +0000 [info]: listening fluent socket on 0.0.0.0:24224
2022-01-01 14:30:22 +0000 [info]: listening dRuby uri="druby://0.0.0.0:24230" object="Engine"
2022-01-01 14:30:23 +0000 [warn]: no patterns matched tag="docker.c7f766fb0df0"
2022-01-01 14:30:23 +0000 [warn]: no patterns matched tag="docker.c7f766fb0df0"
2022-01-01 14:30:23 +0000 [warn]: no patterns matched tag="docker.c7f766fb0df0"
2022-01-01 14:30:23 +0000 [warn]: no patterns matched tag="docker.c7f766fb0df0"
2022-01-01 14:30:23 +0000 [warn]: no patterns matched tag="docker.c7f766fb0df0"
2022-01-01 14:30:23 +0000 [warn]: no patterns matched tag="docker.4db8fee4bbd9"
2022-01-01 14:30:23 +0000 [warn]: no patterns matched tag="docker.c7f766fb0df0"
2022-01-01 14:30:24 +0000 [warn]: no patterns matched tag="docker.4db8fee4bbd9"
2022-01-01 14:30:24 +0000 [warn]: no patterns matched tag="docker.c7f766fb0df0"
2022-01-01 14:30:28 +0000 [warn]: no patterns matched tag="docker.c7f766fb0df0"
2022-01-01 14:30:36 +0000 [warn]: no patterns matched tag="docker.4db8fee4bbd9"
2022-01-01 14:30:44 +0000 [warn]: no patterns matched tag="docker.c7f766fb0df0"
2022-01-01 14:30:52 +0000 [warn]: no patterns matched tag="docker.4db8fee4bbd9"
2022-01-01 14:30:59 +0000 [warn]: no patterns matched tag="docker.c7f766fb0df0"
2022-01-01 14:31:07 +0000 [warn]: no patterns matched tag="docker.c7f766fb0df0"
2022-01-01 14:31:13 +0000 [warn]: no patterns matched tag="docker.c7f766fb0df0"
2022-01-01 14:31:20 +0000 [warn]: no patterns matched tag="docker.4db8fee4bbd9"
2022-01-01 14:31:28 +0000 [warn]: no patterns matched tag="docker.4db8fee4bbd9"
2022-01-01 14:31:36 +0000 [warn]: no patterns matched tag="docker.c7f766fb0df0"
2022-01-01 14:31:43 +0000 [warn]: no patterns matched tag="docker.4db8fee4bbd9"
2022-01-01 14:31:51 +0000 [warn]: no patterns matched tag="docker.4db8fee4bbd9"
2022-01-01 14:31:58 +0000 [warn]: no patterns matched tag="docker.c7f766fb0df0"
2022-01-01 14:32:04 +0000 [warn]: no patterns matched tag="docker.4db8fee4bbd9"
2022-01-01 14:32:12 +0000 [warn]: no patterns matched tag="docker.4db8fee4bbd9"
2022-01-01 14:32:20 +0000 [warn]: no patterns matched tag="docker.c7f766fb0df0"
2022-01-01 14:32:28 +0000 [warn]: no patterns matched tag="docker.c7f766fb0df0"
2022-01-01 14:32:35 +0000 [warn]: no patterns matched tag="docker.4db8fee4bbd9"
2022-01-01 14:32:43 +0000 [warn]: no patterns matched tag="docker.c7f766fb0df0"
2022-01-01 14:32:48 +0000 [warn]: no patterns matched tag="docker.4db8fee4bbd9"
2022-01-01 14:32:56 +0000 [warn]: no patterns matched tag="docker.4db8fee4bbd9"
2022-01-01 14:33:04 +0000 [warn]: no patterns matched tag="docker.c7f766fb0df0"
2022-01-01 14:33:12 +0000 [warn]: no patterns matched tag="docker.c7f766fb0df0"
2022-01-01 14:33:19 +0000 [warn]: no patterns matched tag="docker.4db8fee4bbd9"
2022-01-01 14:33:27 +0000 [warn]: no patterns matched tag="docker.4db8fee4bbd9"
2022-01-01 14:33:33 +0000 [warn]: no patterns matched tag="docker.c7f766fb0df0"
2022-01-01 14:33:40 +0000 [warn]: no patterns matched tag="docker.4db8fee4bbd9"
2022-01-01 14:33:48 +0000 [warn]: no patterns matched tag="docker.4db8fee4bbd9"
2022-01-01 14:33:56 +0000 [warn]: no patterns matched tag="docker.4db8fee4bbd9"
2022-01-01 14:34:03 +0000 [warn]: no patterns matched tag="docker.4db8fee4bbd9"
2022-01-01 14:34:11 +0000 [warn]: no patterns matched tag="docker.4db8fee4bbd9"
2022-01-01 14:34:18 +0000 [warn]: no patterns matched tag="docker.c7f766fb0df0"
2022-01-01 14:34:24 +0000 [warn]: no patterns matched tag="docker.c7f766fb0df0"
2022-01-01 14:34:32 +0000 [warn]: no patterns matched tag="docker.4db8fee4bbd9"
